<?xml version="1.0" encoding="UTF-8" ?>
<testsuite errors="0" failures="3" hostname="WDNMD" name="MatrixMapTest" skipped="0" tests="18" time="0.103" timestamp="2025-03-28T06:54:23">
  <properties>
[...]
</properties>
  <testcase classname="MatrixMapTest" name="testFrom_ZeroRow" time="0.005" />
  <testcase classname="MatrixMapTest" name="testInstanceIndexesHappyPath" time="0.03">
    <failure message="expected:&lt;[(0,1)]&gt; but was:&lt;[Indexes[row=0, column=1]]&gt;" type="junit.framework.AssertionFailedError">junit.framework.AssertionFailedError: expected:&lt;[(0,1)]&gt; but was:&lt;[Indexes[row=0, column=1]]&gt;
	at MatrixMapTest.testInstanceIndexesHappyPath(MatrixMapTest.java:31)
	at java.base/jdk.internal.reflect.DirectMethodHandleAccessor.invoke(DirectMethodHandleAccessor.java:103)
</failure>
  </testcase>
  <testcase classname="MatrixMapTest" name="testInvalidLengthExceptionGetters" time="0.0" />
  <testcase classname="MatrixMapTest" name="testIdentityBranchCoverage" time="0.001" />
  <testcase classname="MatrixMapTest" name="testSize_NormalMatrix" time="0.001" />
  <testcase classname="MatrixMapTest" name="testInstanceNullSize" time="0.001" />
  <testcase classname="MatrixMapTest" name="testIdentityNullZero" time="0.0" />
  <testcase classname="MatrixMapTest" name="testSize_EmptyMapCase" time="0.001">
    <failure message="expected:&lt;0&gt; but was:&lt;1&gt;" type="junit.framework.AssertionFailedError">junit.framework.AssertionFailedError: expected:&lt;0&gt; but was:&lt;1&gt;
	at MatrixMapTest.testSize_EmptyMapCase(MatrixMapTest.java:81)
	at java.base/jdk.internal.reflect.DirectMethodHandleAccessor.invoke(DirectMethodHandleAccessor.java:103)
</failure>
  </testcase>
  <testcase classname="MatrixMapTest" name="testSizeBranchCoverage" time="0.001" />
  <testcase classname="MatrixMapTest" name="testInstanceNullValueMapper" time="0.0" />
  <testcase classname="MatrixMapTest" name="testSize_EmptyMatrix" time="0.0">
    <failure message="expected:&lt;0&gt; but was:&lt;1&gt;" type="junit.framework.AssertionFailedError">junit.framework.AssertionFailedError: expected:&lt;0&gt; but was:&lt;1&gt;
	at MatrixMapTest.testSize_EmptyMatrix(MatrixMapTest.java:120)
	at java.base/jdk.internal.reflect.DirectMethodHandleAccessor.invoke(DirectMethodHandleAccessor.java:103)
</failure>
  </testcase>
  <testcase classname="MatrixMapTest" name="testFrom_Null" time="0.002" />
  <testcase classname="MatrixMapTest" name="testIdentityNullIdentity" time="0.0" />
  <testcase classname="MatrixMapTest" name="testFrom_ZeroColumn" time="0.0" />
  <testcase classname="MatrixMapTest" name="testValueNullIndexes" time="0.0" />
  <testcase classname="MatrixMapTest" name="testFrom_Valid" time="0.0" />
  <testcase classname="MatrixMapTest" name="testIdentityZeroSize" time="0.0" />
  <testcase classname="MatrixMapTest" name="testConstructor" time="0.0" />
  <system-out><![CDATA[MATRIXMAP CLASS LOADED
BARRICADE CLASS LOADED
]]></system-out>
  <system-err><![CDATA[]]></system-err>
</testsuite>
