<?xml version="1.0" encoding="UTF-8" ?>
<testsuite errors="1" failures="3" hostname="WDNMD" name="BarricadeTest" skipped="0" tests="21" time="0.099" timestamp="2025-03-28T06:54:22">
  <properties>
    <property name="ant.library.dir" value="C:\Program Files (x86)\apache-ant-1.10.15-bin\apache-ant-1.10.15\lib" />
    <property name="ant.file.type" value="file" />
    <property name="java.specification.version" value="21" />
    <property name="ant.project.name" value="testexample" />
    <property name="sun.cpu.isalist" value="amd64" />
    <property name="sun.jnu.encoding" value="Cp1252" />
    <property name="java.class.path" value="C:\Users\24457\Documents\GitHub\Roming\build;C:\Program Files (x86)\apache-ant-1.10.15-bin\apache-ant-1.10.15\lib\hamcrest-2.2.jar;C:\Program Files (x86)\apache-ant-1.10.15-bin\apache-ant-1.10.15\lib\junit-4.13.jar;C:\Program Files (x86)\apache-ant-1.10.15-bin\apache-ant-1.10.15\lib\ant-launcher.jar;C:\Program Files (x86)\apache-ant-1.10.15-bin\apache-ant-1.10.15\lib\ant.jar;C:\Program Files (x86)\apache-ant-1.10.15-bin\apache-ant-1.10.15\lib\ant-junit.jar;C:\Program Files (x86)\apache-ant-1.10.15-bin\apache-ant-1.10.15\lib\ant-junit4.jar" />
    <property name="java.vm.vendor" value="Eclipse Adoptium" />
    <property name="sun.arch.data.model" value="64" />
    <property name="user.variant" value="" />
    <property name="java.vendor.url" value="https://adoptium.net/" />
    <property name="java.vm.specification.version" value="21" />
    <property name="os.name" value="Windows 11" />
    <property name="sun.java.launcher" value="SUN_STANDARD" />
    <property name="user.country" value="US" />
    <property name="sun.boot.library.path" value="C:\Program Files\Eclipse Adoptium\jdk-21.0.6.7-hotspot\bin" />
    <property name="output.dir" value="output" />
    <property name="sun.java.command" value="org.apache.tools.ant.taskdefs.optional.junit.JUnitTestRunner BarricadeTest skipNonTests=false filtertrace=true haltOnError=false haltOnFailure=false formatter=org.apache.tools.ant.taskdefs.optional.junit.OutErrSummaryJUnitResultFormatter showoutput=false outputtoformatters=true logfailedtests=true threadid=0 logtestlistenerevents=false formatter=org.apache.tools.ant.taskdefs.optional.junit.XMLJUnitResultFormatter,C:\Users\24457\Documents\GitHub\Roming\report\junit\TEST-BarricadeTest.xml crashfile=C:\Users\24457\Documents\GitHub\Roming\junitvmwatcher1144097991055326395.properties propsfile=C:\Users\24457\Documents\GitHub\Roming\junit16135820467907870283.properties" />
    <property name="jdk.debug" value="release" />
    <property name="sun.cpu.endian" value="little" />
    <property name="user.home" value="C:\Users\24457" />
    <property name="user.language" value="en" />
    <property name="java.specification.vendor" value="Oracle Corporation" />
    <property name="_jacoco.agentFile" value="C:\Users\24457\AppData\Local\Temp\jacocoagent6478966961941720727.jar" />
    <property name="java.version.date" value="2025-01-21" />
    <property name="java.home" value="C:\Program Files\Eclipse Adoptium\jdk-21.0.6.7-hotspot" />
    <property name="basedir" value="C:\Users\24457\Documents\GitHub\Roming" />
    <property name="file.separator" value="\" />
    <property name="java.vm.compressedOopsMode" value="Zero based" />
    <property name="jacoco.file" value="report/jacoco/jacoco.exec" />
    <property name="line.separator" value="&#xd;&#xa;" />
    <property name="ant.java.version" value="21" />
    <property name="java.specification.name" value="Java Platform API Specification" />
    <property name="java.vm.specification.vendor" value="Oracle Corporation" />
    <property name="ant.file.testexample" value="C:\Users\24457\Documents\GitHub\Roming\build.xml" />
    <property name="doc.dir" value="doc" />
    <property name="user.script" value="" />
    <property name="sun.management.compiler" value="HotSpot 64-Bit Tiered Compilers" />
    <property name="java.runtime.version" value="21.0.6+7-LTS" />
    <property name="user.name" value="24457" />
    <property name="ant.file" value="C:\Users\24457\Documents\GitHub\Roming\build.xml" />
    <property name="stdout.encoding" value="Cp1252" />
    <property name="path.separator" value=";" />
    <property name="jacoco.dir" value="report/jacoco" />
    <property name="os.version" value="10.0" />
    <property name="java.runtime.name" value="OpenJDK Runtime Environment" />
    <property name="file.encoding" value="UTF-8" />
    <property name="ant.project.invoked-targets" value="report" />
    <property name="java.vm.name" value="OpenJDK 64-Bit Server VM" />
    <property name="java.vendor.version" value="Temurin-21.0.6+7" />
    <property name="report.dir" value="report" />
    <property name="junit.dir" value="report/junit" />
    <property name="build.dir" value="build" />
    <property name="ant.core.lib" value="C:\Program Files (x86)\apache-ant-1.10.15-bin\apache-ant-1.10.15\lib\ant.jar" />
    <property name="java.vendor.url.bug" value="https://github.com/adoptium/adoptium-support/issues" />
    <property name="java.io.tmpdir" value="C:\Users\24457\AppData\Local\Temp\" />
    <property name="java.version" value="21.0.6" />
    <property name="user.dir" value="C:\Users\24457\Documents\GitHub\Roming" />
    <property name="os.arch" value="amd64" />
    <property name="java.vm.specification.name" value="Java Virtual Machine Specification" />
    <property name="output.file" value="output/output.txt" />
    <property name="ant.home" value="C:\Program Files (x86)\apache-ant-1.10.15-bin\apache-ant-1.10.15" />
    <property name="sun.os.patch.level" value="" />
    <property name="error.file" value="output/error.txt" />
    <property name="native.encoding" value="Cp1252" />
    <property name="ant.version" value="Apache Ant(TM) version 1.10.15 compiled on August 25 2024" />
    <property name="java.library.path" value="C:\Program Files\Eclipse Adoptium\jdk-21.0.6.7-hotspot\bin;C:\WINDOWS\Sun\Java\bin;C:\WINDOWS\system32;C:\WINDOWS;C:\Program Files\Eclipse Adoptium\jdk-21.0.6.7-hotspot\bin;C:\Program Files (x86)\Razer Chroma SDK\bin;C:\Program Files\Razer Chroma SDK\bin;C:\Program Files (x86)\Razer\ChromaBroadcast\bin;C:\Program Files\Razer\ChromaBroadcast\bin;C:\Windows\system32;C:\Windows;C:\Windows\System32\Wbem;C:\Windows\System32\WindowsPowerShell\v1.0\;C:\Windows\System32\OpenSSH\;C:\Program Files (x86)\NVIDIA Corporation\PhysX\Common;C:\WINDOWS\system32;C:\WINDOWS;C:\WINDOWS\System32\Wbem;C:\WINDOWS\System32\WindowsPowerShell\v1.0\;C:\WINDOWS\System32\OpenSSH\;C:\Users\24457\AppData\Local\Microsoft\WindowsApps;C:\WINDOWS\system32\config\systemprofile\AppData\Local\Microsoft\WindowsApps;C:\Program Files\MATLAB\R2023a\bin;C:\Program Files\NVIDIA Corporation\NVIDIA NvDLISR;C:\Program Files\dotnet\;C:\WINDOWS\system32;C:\WINDOWS;C:\WINDOWS\System32\Wbem;C:\WINDOWS\System32\WindowsPowerShell\v1.0\;C:\WINDOWS\System32\OpenSSH\;C:\Program Files\Git\cmd;C:\Program Files (x86)\apache-ant-1.10.15-bin;C:\Program Files (x86)\apache-ant-1.10.15-bin\apache-ant-1.10.15\bin;C:\Program Files\Racket\Racket.exe;C:\Users\24457\Scripts\;C:\Users\24457\;C:\Users\24457\AppData\Local\Programs\Python\Python313\Scripts\;C:\Users\24457\AppData\Local\Programs\Python\Python313\;C:\Users\24457\AppData\Local\Microsoft\WindowsApps;C:\intelFPGA\20.1\modelsim_ase\win32aloem;C:\Users\24457\AppData\Local\Programs\Microsoft VS Code\bin;C:\Users\24457\AppData\Local\GitHubDesktop\bin;C:\Users\24457\AppData\Local\Programs\MiKTeX\miktex\bin\x64\;." />
    <property name="java.vendor" value="Eclipse Adoptium" />
    <property name="stderr.encoding" value="Cp1252" />
    <property name="java.vm.info" value="mixed mode, sharing" />
    <property name="ant.file.type.testexample" value="file" />
    <property name="java.vm.version" value="21.0.6+7-LTS" />
    <property name="sun.io.unicode.encoding" value="UnicodeLittle" />
    <property name="java.class.version" value="65.0" />
    <property name="src.dir" value="src" />
    <property name="ant.project.default-target" value="test" />
  </properties>
  <testcase classname="BarricadeTest" name="testCorrectSize_NullMap" time="0.01" />
  <testcase classname="BarricadeTest" name="testBarricadeConstructor" time="0.001" />
  <testcase classname="BarricadeTest" name="testPutWithStateVar_StateChange" time="0.007">
    <error message="Cannot invoke &quot;String.contains(java.lang.CharSequence)&quot; because the return value of &quot;java.lang.RuntimeException.getMessage()&quot; is null" type="java.lang.NullPointerException">java.lang.NullPointerException: Cannot invoke &quot;String.contains(java.lang.CharSequence)&quot; because the return value of &quot;java.lang.RuntimeException.getMessage()&quot; is null
	at BarricadeTest.testPutWithStateVar_StateChange(BarricadeTest.java:279)
	at java.base/jdk.internal.reflect.DirectMethodHandleAccessor.invoke(DirectMethodHandleAccessor.java:103)
</error>
  </testcase>
  <testcase classname="BarricadeTest" name="testGetWithStateVar_HappyPath" time="0.002" />
  <testcase classname="BarricadeTest" name="testCorrectStringRepresentation_OperatedIncorrectly" time="0.002">
    <failure message="Expected runtime exception for changed entry set in toString" type="junit.framework.AssertionFailedError">junit.framework.AssertionFailedError: Expected runtime exception for changed entry set in toString
	at BarricadeTest.testCorrectStringRepresentation_OperatedIncorrectly(BarricadeTest.java:164)
	at java.base/jdk.internal.reflect.DirectMethodHandleAccessor.invoke(DirectMethodHandleAccessor.java:103)
</failure>
  </testcase>
  <testcase classname="BarricadeTest" name="testCorrectStringRepresentation_WrongString" time="0.002" />
  <testcase classname="BarricadeTest" name="testPutWithStateVar_NullValue" time="0.001" />
  <testcase classname="BarricadeTest" name="testCorrectSize_OperatedIncorrectly" time="0.001">
    <failure message="Expected runtime exception for changed entrySet" type="junit.framework.AssertionFailedError">junit.framework.AssertionFailedError: Expected runtime exception for changed entrySet
	at BarricadeTest.testCorrectSize_OperatedIncorrectly(BarricadeTest.java:92)
	at java.base/jdk.internal.reflect.DirectMethodHandleAccessor.invoke(DirectMethodHandleAccessor.java:103)
</failure>
  </testcase>
  <testcase classname="BarricadeTest" name="testGetWithStateVar_NullKey" time="0.0" />
  <testcase classname="BarricadeTest" name="testGetWithStateVar_NullMap" time="0.0" />
  <testcase classname="BarricadeTest" name="testPutWithStateVar_NullKey" time="0.0" />
  <testcase classname="BarricadeTest" name="testPutWithStateVar_NullMap" time="0.001" />
  <testcase classname="BarricadeTest" name="testPutWithStateVar_FailsToInsert" time="0.002" />
  <testcase classname="BarricadeTest" name="testGetWithStateVar_WrongValue" time="0.001" />
  <testcase classname="BarricadeTest" name="testCorrectStringRepresentation_NullMap" time="0.0" />
  <testcase classname="BarricadeTest" name="testCorrectStringRepresentation_HappyPath" time="0.0" />
  <testcase classname="BarricadeTest" name="testCorrectSize_HappyPath" time="0.0" />
  <testcase classname="BarricadeTest" name="testPutWithStateVar_HappyPath" time="0.0" />
  <testcase classname="BarricadeTest" name="testCorrectEntrySet_NullMap" time="0.0" />
  <testcase classname="BarricadeTest" name="testCorrectSize_WrongValue" time="0.001">
    <failure message="expected:&lt;1&gt; but was:&lt;999&gt;" type="junit.framework.AssertionFailedError">junit.framework.AssertionFailedError: expected:&lt;1&gt; but was:&lt;999&gt;
	at BarricadeTest.testCorrectSize_WrongValue(BarricadeTest.java:114)
	at java.base/jdk.internal.reflect.DirectMethodHandleAccessor.invoke(DirectMethodHandleAccessor.java:103)
</failure>
  </testcase>
  <testcase classname="BarricadeTest" name="testCorrectKeySet_NullMap" time="0.0" />
  <system-out><![CDATA[BARRICADE CLASS LOADED
]]></system-out>
  <system-err><![CDATA[]]></system-err>
</testsuite>
