<?xml version="1.0" encoding="UTF-8" ?>
<testsuite errors="1" failures="3" hostname="WDNMD" name="BarricadeTest" skipped="0" tests="21" time="0.099" timestamp="2025-03-28T06:54:22">
  <properties>
[...]
</properties>
  <testcase classname="BarricadeTest" name="testCorrectSize_NullMap" time="0.01" />
  <testcase classname="BarricadeTest" name="testBarricadeConstructor" time="0.001" />
  <testcase classname="BarricadeTest" name="testPutWithStateVar_StateChange" time="0.007">
    <error message="Cannot invoke &quot;String.contains(java.lang.CharSequence)&quot; because the return value of &quot;java.lang.RuntimeException.getMessage()&quot; is null" type="java.lang.NullPointerException">java.lang.NullPointerException: Cannot invoke &quot;String.contains(java.lang.CharSequence)&quot; because the return value of &quot;java.lang.RuntimeException.getMessage()&quot; is null
	at BarricadeTest.testPutWithStateVar_StateChange(BarricadeTest.java:279)
	at java.base/jdk.internal.reflect.DirectMethodHandleAccessor.invoke(DirectMethodHandleAccessor.java:103)
</error>
  </testcase>
  <testcase classname="BarricadeTest" name="testGetWithStateVar_HappyPath" time="0.002" />
  <testcase classname="BarricadeTest" name="testCorrectStringRepresentation_OperatedIncorrectly" time="0.002">
    <failure message="Expected runtime exception for changed entry set in toString" type="junit.framework.AssertionFailedError">junit.framework.AssertionFailedError: Expected runtime exception for changed entry set in toString
	at BarricadeTest.testCorrectStringRepresentation_OperatedIncorrectly(BarricadeTest.java:164)
	at java.base/jdk.internal.reflect.DirectMethodHandleAccessor.invoke(DirectMethodHandleAccessor.java:103)
</failure>
  </testcase>
  <testcase classname="BarricadeTest" name="testCorrectStringRepresentation_WrongString" time="0.002" />
  <testcase classname="BarricadeTest" name="testPutWithStateVar_NullValue" time="0.001" />
  <testcase classname="BarricadeTest" name="testCorrectSize_OperatedIncorrectly" time="0.001">
    <failure message="Expected runtime exception for changed entrySet" type="junit.framework.AssertionFailedError">junit.framework.AssertionFailedError: Expected runtime exception for changed entrySet
	at BarricadeTest.testCorrectSize_OperatedIncorrectly(BarricadeTest.java:92)
	at java.base/jdk.internal.reflect.DirectMethodHandleAccessor.invoke(DirectMethodHandleAccessor.java:103)
</failure>
  </testcase>
  <testcase classname="BarricadeTest" name="testGetWithStateVar_NullKey" time="0.0" />
  <testcase classname="BarricadeTest" name="testGetWithStateVar_NullMap" time="0.0" />
  <testcase classname="BarricadeTest" name="testPutWithStateVar_NullKey" time="0.0" />
  <testcase classname="BarricadeTest" name="testPutWithStateVar_NullMap" time="0.001" />
  <testcase classname="BarricadeTest" name="testPutWithStateVar_FailsToInsert" time="0.002" />
  <testcase classname="BarricadeTest" name="testGetWithStateVar_WrongValue" time="0.001" />
  <testcase classname="BarricadeTest" name="testCorrectStringRepresentation_NullMap" time="0.0" />
  <testcase classname="BarricadeTest" name="testCorrectStringRepresentation_HappyPath" time="0.0" />
  <testcase classname="BarricadeTest" name="testCorrectSize_HappyPath" time="0.0" />
  <testcase classname="BarricadeTest" name="testPutWithStateVar_HappyPath" time="0.0" />
  <testcase classname="BarricadeTest" name="testCorrectEntrySet_NullMap" time="0.0" />
  <testcase classname="BarricadeTest" name="testCorrectSize_WrongValue" time="0.001">
    <failure message="expected:&lt;1&gt; but was:&lt;999&gt;" type="junit.framework.AssertionFailedError">junit.framework.AssertionFailedError: expected:&lt;1&gt; but was:&lt;999&gt;
	at BarricadeTest.testCorrectSize_WrongValue(BarricadeTest.java:114)
	at java.base/jdk.internal.reflect.DirectMethodHandleAccessor.invoke(DirectMethodHandleAccessor.java:103)
</failure>
  </testcase>
  <testcase classname="BarricadeTest" name="testCorrectKeySet_NullMap" time="0.0" />
  <system-out><![CDATA[BARRICADE CLASS LOADED
]]></system-out>
  <system-err><![CDATA[]]></system-err>
</testsuite>
