<?xml version="1.0" encoding="UTF-8" ?>
<testsuite errors="0" failures="3" hostname="WDNMD" name="MatrixMapTest" skipped="0" tests="18" time="0.103" timestamp="2025-03-28T06:54:23">
  <properties>
    <property name="ant.library.dir" value="C:\Program Files (x86)\apache-ant-1.10.15-bin\apache-ant-1.10.15\lib" />
    <property name="ant.file.type" value="file" />
    <property name="java.specification.version" value="21" />
    <property name="ant.project.name" value="testexample" />
    <property name="sun.cpu.isalist" value="amd64" />
    <property name="sun.jnu.encoding" value="Cp1252" />
    <property name="java.class.path" value="C:\Users\24457\Documents\GitHub\Roming\build;C:\Program Files (x86)\apache-ant-1.10.15-bin\apache-ant-1.10.15\lib\hamcrest-2.2.jar;C:\Program Files (x86)\apache-ant-1.10.15-bin\apache-ant-1.10.15\lib\junit-4.13.jar;C:\Program Files (x86)\apache-ant-1.10.15-bin\apache-ant-1.10.15\lib\ant-launcher.jar;C:\Program Files (x86)\apache-ant-1.10.15-bin\apache-ant-1.10.15\lib\ant.jar;C:\Program Files (x86)\apache-ant-1.10.15-bin\apache-ant-1.10.15\lib\ant-junit.jar;C:\Program Files (x86)\apache-ant-1.10.15-bin\apache-ant-1.10.15\lib\ant-junit4.jar" />
    <property name="java.vm.vendor" value="Eclipse Adoptium" />
    <property name="sun.arch.data.model" value="64" />
    <property name="user.variant" value="" />
    <property name="java.vendor.url" value="https://adoptium.net/" />
    <property name="java.vm.specification.version" value="21" />
    <property name="os.name" value="Windows 11" />
    <property name="sun.java.launcher" value="SUN_STANDARD" />
    <property name="user.country" value="US" />
    <property name="sun.boot.library.path" value="C:\Program Files\Eclipse Adoptium\jdk-21.0.6.7-hotspot\bin" />
    <property name="output.dir" value="output" />
    <property name="sun.java.command" value="org.apache.tools.ant.taskdefs.optional.junit.JUnitTestRunner MatrixMapTest skipNonTests=false filtertrace=true haltOnError=false haltOnFailure=false formatter=org.apache.tools.ant.taskdefs.optional.junit.OutErrSummaryJUnitResultFormatter showoutput=false outputtoformatters=true logfailedtests=true threadid=0 logtestlistenerevents=false formatter=org.apache.tools.ant.taskdefs.optional.junit.XMLJUnitResultFormatter,C:\Users\24457\Documents\GitHub\Roming\report\junit\TEST-MatrixMapTest.xml crashfile=C:\Users\24457\Documents\GitHub\Roming\junitvmwatcher5762318185355399277.properties propsfile=C:\Users\24457\Documents\GitHub\Roming\junit4257545955343000706.properties" />
    <property name="jdk.debug" value="release" />
    <property name="sun.cpu.endian" value="little" />
    <property name="user.home" value="C:\Users\24457" />
    <property name="user.language" value="en" />
    <property name="java.specification.vendor" value="Oracle Corporation" />
    <property name="_jacoco.agentFile" value="C:\Users\24457\AppData\Local\Temp\jacocoagent6478966961941720727.jar" />
    <property name="java.version.date" value="2025-01-21" />
    <property name="java.home" value="C:\Program Files\Eclipse Adoptium\jdk-21.0.6.7-hotspot" />
    <property name="basedir" value="C:\Users\24457\Documents\GitHub\Roming" />
    <property name="file.separator" value="\" />
    <property name="java.vm.compressedOopsMode" value="Zero based" />
    <property name="jacoco.file" value="report/jacoco/jacoco.exec" />
    <property name="line.separator" value="&#xd;&#xa;" />
    <property name="ant.java.version" value="21" />
    <property name="java.specification.name" value="Java Platform API Specification" />
    <property name="java.vm.specification.vendor" value="Oracle Corporation" />
    <property name="ant.file.testexample" value="C:\Users\24457\Documents\GitHub\Roming\build.xml" />
    <property name="doc.dir" value="doc" />
    <property name="user.script" value="" />
    <property name="sun.management.compiler" value="HotSpot 64-Bit Tiered Compilers" />
    <property name="java.runtime.version" value="21.0.6+7-LTS" />
    <property name="user.name" value="24457" />
    <property name="ant.file" value="C:\Users\24457\Documents\GitHub\Roming\build.xml" />
    <property name="stdout.encoding" value="Cp1252" />
    <property name="path.separator" value=";" />
    <property name="jacoco.dir" value="report/jacoco" />
    <property name="os.version" value="10.0" />
    <property name="java.runtime.name" value="OpenJDK Runtime Environment" />
    <property name="file.encoding" value="UTF-8" />
    <property name="ant.project.invoked-targets" value="report" />
    <property name="java.vm.name" value="OpenJDK 64-Bit Server VM" />
    <property name="java.vendor.version" value="Temurin-21.0.6+7" />
    <property name="report.dir" value="report" />
    <property name="junit.dir" value="report/junit" />
    <property name="build.dir" value="build" />
    <property name="ant.core.lib" value="C:\Program Files (x86)\apache-ant-1.10.15-bin\apache-ant-1.10.15\lib\ant.jar" />
    <property name="java.vendor.url.bug" value="https://github.com/adoptium/adoptium-support/issues" />
    <property name="java.io.tmpdir" value="C:\Users\24457\AppData\Local\Temp\" />
    <property name="java.version" value="21.0.6" />
    <property name="user.dir" value="C:\Users\24457\Documents\GitHub\Roming" />
    <property name="os.arch" value="amd64" />
    <property name="java.vm.specification.name" value="Java Virtual Machine Specification" />
    <property name="output.file" value="output/output.txt" />
    <property name="ant.home" value="C:\Program Files (x86)\apache-ant-1.10.15-bin\apache-ant-1.10.15" />
    <property name="sun.os.patch.level" value="" />
    <property name="error.file" value="output/error.txt" />
    <property name="native.encoding" value="Cp1252" />
    <property name="ant.version" value="Apache Ant(TM) version 1.10.15 compiled on August 25 2024" />
    <property name="java.library.path" value="C:\Program Files\Eclipse Adoptium\jdk-21.0.6.7-hotspot\bin;C:\WINDOWS\Sun\Java\bin;C:\WINDOWS\system32;C:\WINDOWS;C:\Program Files\Eclipse Adoptium\jdk-21.0.6.7-hotspot\bin;C:\Program Files (x86)\Razer Chroma SDK\bin;C:\Program Files\Razer Chroma SDK\bin;C:\Program Files (x86)\Razer\ChromaBroadcast\bin;C:\Program Files\Razer\ChromaBroadcast\bin;C:\Windows\system32;C:\Windows;C:\Windows\System32\Wbem;C:\Windows\System32\WindowsPowerShell\v1.0\;C:\Windows\System32\OpenSSH\;C:\Program Files (x86)\NVIDIA Corporation\PhysX\Common;C:\WINDOWS\system32;C:\WINDOWS;C:\WINDOWS\System32\Wbem;C:\WINDOWS\System32\WindowsPowerShell\v1.0\;C:\WINDOWS\System32\OpenSSH\;C:\Users\24457\AppData\Local\Microsoft\WindowsApps;C:\WINDOWS\system32\config\systemprofile\AppData\Local\Microsoft\WindowsApps;C:\Program Files\MATLAB\R2023a\bin;C:\Program Files\NVIDIA Corporation\NVIDIA NvDLISR;C:\Program Files\dotnet\;C:\WINDOWS\system32;C:\WINDOWS;C:\WINDOWS\System32\Wbem;C:\WINDOWS\System32\WindowsPowerShell\v1.0\;C:\WINDOWS\System32\OpenSSH\;C:\Program Files\Git\cmd;C:\Program Files (x86)\apache-ant-1.10.15-bin;C:\Program Files (x86)\apache-ant-1.10.15-bin\apache-ant-1.10.15\bin;C:\Program Files\Racket\Racket.exe;C:\Users\24457\Scripts\;C:\Users\24457\;C:\Users\24457\AppData\Local\Programs\Python\Python313\Scripts\;C:\Users\24457\AppData\Local\Programs\Python\Python313\;C:\Users\24457\AppData\Local\Microsoft\WindowsApps;C:\intelFPGA\20.1\modelsim_ase\win32aloem;C:\Users\24457\AppData\Local\Programs\Microsoft VS Code\bin;C:\Users\24457\AppData\Local\GitHubDesktop\bin;C:\Users\24457\AppData\Local\Programs\MiKTeX\miktex\bin\x64\;." />
    <property name="java.vendor" value="Eclipse Adoptium" />
    <property name="stderr.encoding" value="Cp1252" />
    <property name="java.vm.info" value="mixed mode, sharing" />
    <property name="ant.file.type.testexample" value="file" />
    <property name="java.vm.version" value="21.0.6+7-LTS" />
    <property name="sun.io.unicode.encoding" value="UnicodeLittle" />
    <property name="java.class.version" value="65.0" />
    <property name="src.dir" value="src" />
    <property name="ant.project.default-target" value="test" />
  </properties>
  <testcase classname="MatrixMapTest" name="testFrom_ZeroRow" time="0.005" />
  <testcase classname="MatrixMapTest" name="testInstanceIndexesHappyPath" time="0.03">
    <failure message="expected:&lt;[(0,1)]&gt; but was:&lt;[Indexes[row=0, column=1]]&gt;" type="junit.framework.AssertionFailedError">junit.framework.AssertionFailedError: expected:&lt;[(0,1)]&gt; but was:&lt;[Indexes[row=0, column=1]]&gt;
	at MatrixMapTest.testInstanceIndexesHappyPath(MatrixMapTest.java:31)
	at java.base/jdk.internal.reflect.DirectMethodHandleAccessor.invoke(DirectMethodHandleAccessor.java:103)
</failure>
  </testcase>
  <testcase classname="MatrixMapTest" name="testInvalidLengthExceptionGetters" time="0.0" />
  <testcase classname="MatrixMapTest" name="testIdentityBranchCoverage" time="0.001" />
  <testcase classname="MatrixMapTest" name="testSize_NormalMatrix" time="0.001" />
  <testcase classname="MatrixMapTest" name="testInstanceNullSize" time="0.001" />
  <testcase classname="MatrixMapTest" name="testIdentityNullZero" time="0.0" />
  <testcase classname="MatrixMapTest" name="testSize_EmptyMapCase" time="0.001">
    <failure message="expected:&lt;0&gt; but was:&lt;1&gt;" type="junit.framework.AssertionFailedError">junit.framework.AssertionFailedError: expected:&lt;0&gt; but was:&lt;1&gt;
	at MatrixMapTest.testSize_EmptyMapCase(MatrixMapTest.java:81)
	at java.base/jdk.internal.reflect.DirectMethodHandleAccessor.invoke(DirectMethodHandleAccessor.java:103)
</failure>
  </testcase>
  <testcase classname="MatrixMapTest" name="testSizeBranchCoverage" time="0.001" />
  <testcase classname="MatrixMapTest" name="testInstanceNullValueMapper" time="0.0" />
  <testcase classname="MatrixMapTest" name="testSize_EmptyMatrix" time="0.0">
    <failure message="expected:&lt;0&gt; but was:&lt;1&gt;" type="junit.framework.AssertionFailedError">junit.framework.AssertionFailedError: expected:&lt;0&gt; but was:&lt;1&gt;
	at MatrixMapTest.testSize_EmptyMatrix(MatrixMapTest.java:120)
	at java.base/jdk.internal.reflect.DirectMethodHandleAccessor.invoke(DirectMethodHandleAccessor.java:103)
</failure>
  </testcase>
  <testcase classname="MatrixMapTest" name="testFrom_Null" time="0.002" />
  <testcase classname="MatrixMapTest" name="testIdentityNullIdentity" time="0.0" />
  <testcase classname="MatrixMapTest" name="testFrom_ZeroColumn" time="0.0" />
  <testcase classname="MatrixMapTest" name="testValueNullIndexes" time="0.0" />
  <testcase classname="MatrixMapTest" name="testFrom_Valid" time="0.0" />
  <testcase classname="MatrixMapTest" name="testIdentityZeroSize" time="0.0" />
  <testcase classname="MatrixMapTest" name="testConstructor" time="0.0" />
  <system-out><![CDATA[MATRIXMAP CLASS LOADED
BARRICADE CLASS LOADED
]]></system-out>
  <system-err><![CDATA[]]></system-err>
</testsuite>
