<?xml version="1.0" encoding="UTF-8" ?>
<testsuites>
  <testsuite errors="0" failures="3" hostname="WDNMD" id="0" name="BarricadeTest" package="" skipped="0" tests="10" time="0.083" timestamp="2025-03-28T05:25:41">
      <properties>
[...]
</properties>

      <testcase classname="BarricadeTest" name="testCorrectSize_StateChangingSizeThrows" time="0.017">
          <failure message="Expected exception: java.lang.RuntimeException" type="junit.framework.AssertionFailedError">junit.framework.AssertionFailedError: Expected exception: java.lang.RuntimeException
</failure>

      </testcase>

      <testcase classname="BarricadeTest" name="testGetWithStateVar_IncorrectValueLogged" time="0.004" />

      <testcase classname="BarricadeTest" name="testCorrectSize_WrongSizeLogged" time="0.002">
          <failure message="expected:&lt;2&gt; but was:&lt;999&gt;" type="junit.framework.AssertionFailedError">junit.framework.AssertionFailedError: expected:&lt;2&gt; but was:&lt;999&gt;
	at BarricadeTest.testCorrectSize_WrongSizeLogged(BarricadeTest.java:87)
	at java.base/jdk.internal.reflect.DirectMethodHandleAccessor.invoke(DirectMethodHandleAccessor.java:103)
</failure>

      </testcase>

      <testcase classname="BarricadeTest" name="testKeySetAndEntrySet" time="0.0" />

      <testcase classname="BarricadeTest" name="testCorrectStringRepresentation_WrongStringLogged" time="0.0" />

      <testcase classname="BarricadeTest" name="testPutWithStateVar_MisbehavingPutThrows" time="0.0" />

      <testcase classname="BarricadeTest" name="testGetPutSizeCorrect" time="0.0" />

      <testcase classname="BarricadeTest" name="testConstructor" time="0.0" />

      <testcase classname="BarricadeTest" name="testCorrectStringRepresentation_StateChange" time="0.0">
          <failure message="Expected exception: java.lang.RuntimeException" type="junit.framework.AssertionFailedError">junit.framework.AssertionFailedError: Expected exception: java.lang.RuntimeException
</failure>

      </testcase>

      <testcase classname="BarricadeTest" name="testGetWithStateVar_StateChangingGetThrows" time="0.001" />

      <system-out><![CDATA[BARRICADE CLASS LOADED
]]></system-out>

      <system-err><![CDATA[]]></system-err>

  </testsuite>
  <testsuite errors="0" failures="0" hostname="WDNMD" id="1" name="MatrixMapTest" package="" skipped="0" tests="25" time="0.096" timestamp="2025-03-28T05:25:42">
      <properties>
[...]
</properties>

      <testcase classname="MatrixMapTest" name="testConstant_InvalidSize" time="0.005" />

      <testcase classname="MatrixMapTest" name="testValue_OutOfBounds" time="0.019" />

      <testcase classname="MatrixMapTest" name="testInstance_normal" time="0.001" />

      <testcase classname="MatrixMapTest" name="testMinimalMatrix" time="0.001" />

      <testcase classname="MatrixMapTest" name="testConstant_NullValue" time="0.001" />

      <testcase classname="MatrixMapTest" name="testInstance_Indexes_NullSize" time="0.0" />

      <testcase classname="MatrixMapTest" name="testFrom_raggedArray" time="0.0" />

      <testcase classname="MatrixMapTest" name="testFrom_normal" time="0.001" />

      <testcase classname="MatrixMapTest" name="testToStringCheck" time="0.005" />

      <testcase classname="MatrixMapTest" name="testIdentity_NullZero" time="0.0" />

      <testcase classname="MatrixMapTest" name="testConstant" time="0.0" />

      <testcase classname="MatrixMapTest" name="testFrom_emptyInner" time="0.0" />

      <testcase classname="MatrixMapTest" name="testFrom_emptyOuter" time="0.0" />

      <testcase classname="MatrixMapTest" name="testInstance_Indexes_Invalid" time="0.001" />

      <testcase classname="MatrixMapTest" name="testIdentity" time="0.001" />

      <testcase classname="MatrixMapTest" name="testSize_EmptyMatrix" time="0.001" />

      <testcase classname="MatrixMapTest" name="testFrom_null" time="0.0" />

      <testcase classname="MatrixMapTest" name="testInstance_SizeIndexes" time="0.0" />

      <testcase classname="MatrixMapTest" name="testIdentity_NullIdentity" time="0.0" />

      <testcase classname="MatrixMapTest" name="testInstance_NullMapper" time="0.001" />

      <testcase classname="MatrixMapTest" name="testIdentity_InvalidSize" time="0.0" />

      <testcase classname="MatrixMapTest" name="testInstance_OneDimensional" time="0.002" />

      <testcase classname="MatrixMapTest" name="testInstance_InvalidCols" time="0.001" />

      <testcase classname="MatrixMapTest" name="testInstance_InvalidRows" time="0.0" />

      <testcase classname="MatrixMapTest" name="testValue_NullIndexes" time="0.0" />

      <system-out><![CDATA[BARRICADE CLASS LOADED
]]></system-out>

      <system-err><![CDATA[]]></system-err>

  </testsuite>
</testsuites>
